<?xml version="1.0" encoding="UTF-8"?>
<!-- Generated by org.testng.reporters.JUnitReportReporter -->
<testsuite skipped="0" hostname="BT-INDIA-COM25" name="Pages.Login" tests="1" failures="0" timestamp="24 Sep 2018 12:21:25 GMT" time="3.224" errors="0">
  <testcase name="login1" time="3.224" classname="Pages.Login"/>
</testsuite> <!-- Pages.Login -->
